<?xml version="1.0" encoding="UTF-8"?>
<testsuite xmlns:xsi="http://www.w3.org/2001/XMLSchema-instance" xsi:noNamespaceSchemaLocation="https://maven.apache.org/surefire/maven-surefire-plugin/xsd/surefire-test-report-3.0.xsd" version="3.0" name="com.example.AppTest" time="0.112" tests="34" errors="0" skipped="0" failures="0">
  <properties>
[...]
</properties>
  <testcase name="testCalculateUnitsConsumed_NegativeCurrentReading" classname="com.example.AppTest" time="0.012"/>
  <testcase name="testCalculateUnitsConsumed_ZeroUsage" classname="com.example.AppTest" time="0.001"/>
  <testcase name="testCalculateUnitsConsumed_LargeUsage" classname="com.example.AppTest" time="0.0"/>
  <testcase name="testEnergyCharge_Slab3_BoundaryExact" classname="com.example.AppTest" time="0.0"/>
  <testcase name="testEnergyCharge_Slab3_BoundaryStart" classname="com.example.AppTest" time="0.0"/>
  <testcase name="testGenerateBill_ContainsCustomerName" classname="com.example.AppTest" time="0.001"/>
  <testcase name="testEnergyCharge_Slab4_LargeUsage" classname="com.example.AppTest" time="0.001"/>
  <testcase name="testEnergyCharge_Slab1_OneUnit" classname="com.example.AppTest" time="0.001"/>
  <testcase name="testGenerateBill_ContainsMeterReadings" classname="com.example.AppTest" time="0.002"/>
  <testcase name="testTotalBill_Slab3_450Units" classname="com.example.AppTest" time="0.001"/>
  <testcase name="testTotalBill_Slab2Boundary" classname="com.example.AppTest" time="0.001"/>
  <testcase name="testTax_LargeCharge" classname="com.example.AppTest" time="0.001"/>
  <testcase name="testEnergyCharge_Slab1_BoundaryExact" classname="com.example.AppTest" time="0.002"/>
  <testcase name="testEnergyCharge_ZeroUnits" classname="com.example.AppTest" time="0.004"/>
  <testcase name="testEnergyCharge_Slab4_BoundaryStart" classname="com.example.AppTest" time="0.0"/>
  <testcase name="testEnergyCharge_Slab3_450Units" classname="com.example.AppTest" time="0.001"/>
  <testcase name="testGenerateBill_ContainsUnitsConsumed" classname="com.example.AppTest" time="0.001"/>
  <testcase name="testCalculateUnitsConsumed_NormalUsage" classname="com.example.AppTest" time="0.0"/>
  <testcase name="testTax_Slab1" classname="com.example.AppTest" time="0.0"/>
  <testcase name="testTax_Slab3" classname="com.example.AppTest" time="0.0"/>
  <testcase name="testTotalBill_ZeroUnits" classname="com.example.AppTest" time="0.0"/>
  <testcase name="testEnergyCharge_Slab3_MidRange" classname="com.example.AppTest" time="0.0"/>
  <testcase name="testEnergyCharge_Slab2_BoundaryExact" classname="com.example.AppTest" time="0.0"/>
  <testcase name="testEnergyCharge_Slab2_BoundaryStart" classname="com.example.AppTest" time="0.002"/>
  <testcase name="testEnergyCharge_NegativeUnits" classname="com.example.AppTest" time="0.0"/>
  <testcase name="testEnergyCharge_Slab2_MidRange" classname="com.example.AppTest" time="0.0"/>
  <testcase name="testTotalBill_Slab1Only" classname="com.example.AppTest" time="0.0"/>
  <testcase name="testTax_ZeroCharge" classname="com.example.AppTest" time="0.0"/>
  <testcase name="testTotalBill_Slab4_1000Units" classname="com.example.AppTest" time="0.001"/>
  <testcase name="testCalculateUnitsConsumed_SmallUsage" classname="com.example.AppTest" time="0.0"/>
  <testcase name="testCalculateUnitsConsumed_CurrentLessThanPrevious" classname="com.example.AppTest" time="0.0"/>
  <testcase name="testGenerateBill_ContainsTotalAmount" classname="com.example.AppTest" time="0.002"/>
  <testcase name="testCalculateUnitsConsumed_NegativePreviousReading" classname="com.example.AppTest" time="0.0"/>
  <testcase name="testEnergyCharge_Slab1_FiftyUnits" classname="com.example.AppTest" time="0.001"/>
</testsuite>